<?xml version="1.0" encoding="UTF-8"?>
<!-- Generated by org.testng.reporters.JUnitReportReporter -->
<testsuite skipped="1" hostname="HO-356" name="RestAssured.GithubRepository" tests="2" failures="0" timestamp="12 Oct 2021 09:07:53 GMT" time="23.246" errors="0">
  <testcase name="createRepository" time="23.246" classname="RestAssured.GithubRepository"/>
  <testcase name="getAllRepo" classname="RestAssured.GithubRepository">
    <skipped/>
  </testcase> <!-- getAllRepo -->
</testsuite> <!-- RestAssured.GithubRepository -->
