<?xml version="1.0" encoding="UTF-8"?>
<!-- Generated by org.testng.reporters.JUnitReportReporter -->
<testsuite skipped="3" hostname="HO-356" name="RestAssured.WeatherApi" tests="4" failures="0" timestamp="07 Oct 2021 13:37:03 GMT" time="9.898" errors="0">
  <testcase name="getWeather4" time="9.898" classname="RestAssured.WeatherApi"/>
  <testcase name="getWeather2" classname="RestAssured.WeatherApi">
    <skipped/>
  </testcase> <!-- getWeather2 -->
  <testcase name="getWeather" classname="RestAssured.WeatherApi">
    <skipped/>
  </testcase> <!-- getWeather -->
  <testcase name="getWeather3" classname="RestAssured.WeatherApi">
    <skipped/>
  </testcase> <!-- getWeather3 -->
</testsuite> <!-- RestAssured.WeatherApi -->
