<?xml version="1.0" encoding="UTF-8"?>
<!-- Generated by org.testng.reporters.JUnitReportReporter -->
<testsuite skipped="3" hostname="HO-356" name="RestAssured.NegativeContactList" tests="5" failures="0" timestamp="08 Oct 2021 07:27:33 GMT" time="19.768" errors="0">
  <testcase name="ImproperFormat" time="19.093" classname="RestAssured.NegativeContactList"/>
  <testcase name="InvalidCharacter" time="0.675" classname="RestAssured.NegativeContactList"/>
  <testcase name="addContactWithMissingParameter" classname="RestAssured.NegativeContactList">
    <skipped/>
  </testcase> <!-- addContactWithMissingParameter -->
  <testcase name="recordNotFound" classname="RestAssured.NegativeContactList">
    <skipped/>
  </testcase> <!-- recordNotFound -->
  <testcase name="TooManyCharacter" classname="RestAssured.NegativeContactList">
    <skipped/>
  </testcase> <!-- TooManyCharacter -->
</testsuite> <!-- RestAssured.NegativeContactList -->
